[2020-01-22 20:00:00,350] SEVERE {b7a.log.crash} - null 
java.lang.NullPointerException
	at wso2.patient.___init.wso2_patient_0_1_0__stop_(patient:651)
	at wso2.patient.___init.$lambda$wso2_patient_0_1_0__stop_(patient)
	at org.ballerinalang.jvm.scheduling.SchedulerItem.execute(Scheduler.java:426)
	at org.ballerinalang.jvm.scheduling.Scheduler.run(Scheduler.java:218)
	at org.ballerinalang.jvm.scheduling.Scheduler.runSafely(Scheduler.java:191)
	at org.ballerinalang.jvm.scheduling.Scheduler.start(Scheduler.java:178)
	at wso2.patient.___init.$moduleStop(patient)
	at sun.reflect.NativeMethodAccessorImpl.invoke0(Native Method)
	at sun.reflect.NativeMethodAccessorImpl.invoke(NativeMethodAccessorImpl.java:62)
	at sun.reflect.DelegatingMethodAccessorImpl.invoke(DelegatingMethodAccessorImpl.java:43)
	at java.lang.reflect.Method.invoke(Method.java:498)
	at org.ballerinalang.testerina.core.entity.TesterinaFunction.run(TesterinaFunction.java:116)
	at org.ballerinalang.testerina.core.entity.TesterinaFunction.directInvoke(TesterinaFunction.java:83)
	at org.ballerinalang.testerina.core.entity.TestSuite.stop(TestSuite.java:341)
	at org.ballerinalang.testerina.core.BTestRunner.lambda$execute$28(BTestRunner.java:794)
	at java.lang.Iterable.forEach(Iterable.java:75)
	at org.ballerinalang.testerina.core.BTestRunner.execute(BTestRunner.java:630)
	at org.ballerinalang.testerina.core.BTestRunner.runTest(BTestRunner.java:160)
	at org.ballerinalang.testerina.util.TesterinaUtils.executeTests(TesterinaUtils.java:132)
	at org.ballerinalang.packerina.task.RunTestsTask.execute(RunTestsTask.java:90)
	at org.ballerinalang.packerina.TaskExecutor.executeTasks(TaskExecutor.java:38)
	at org.ballerinalang.packerina.cmd.BuildCommand.execute(BuildCommand.java:393)
	at java.util.Optional.ifPresent(Optional.java:159)
	at org.ballerinalang.tool.Main.main(Main.java:59)
 
[2020-01-22 20:00:00,352] SEVERE {b7a.log.crash} - null 
java.lang.NullPointerException
	at wso2.patient.___init.wso2_patient_0_1_0__stop_(patient:651)
	at wso2.patient.___init.$lambda$wso2_patient_0_1_0__stop_(patient)
	at org.ballerinalang.jvm.scheduling.SchedulerItem.execute(Scheduler.java:426)
	at org.ballerinalang.jvm.scheduling.Scheduler.run(Scheduler.java:218)
	at org.ballerinalang.jvm.scheduling.Scheduler.runSafely(Scheduler.java:191)
	at org.ballerinalang.jvm.scheduling.Scheduler.start(Scheduler.java:178)
	at wso2.patient.___init.$moduleStop(patient)
	at sun.reflect.NativeMethodAccessorImpl.invoke0(Native Method)
	at sun.reflect.NativeMethodAccessorImpl.invoke(NativeMethodAccessorImpl.java:62)
	at sun.reflect.DelegatingMethodAccessorImpl.invoke(DelegatingMethodAccessorImpl.java:43)
	at java.lang.reflect.Method.invoke(Method.java:498)
	at org.ballerinalang.testerina.core.entity.TesterinaFunction.run(TesterinaFunction.java:116)
	at org.ballerinalang.testerina.core.entity.TesterinaFunction.directInvoke(TesterinaFunction.java:83)
	at org.ballerinalang.testerina.core.entity.TestSuite.stop(TestSuite.java:341)
	at org.ballerinalang.testerina.core.BTestRunner.lambda$execute$28(BTestRunner.java:794)
	at java.lang.Iterable.forEach(Iterable.java:75)
	at org.ballerinalang.testerina.core.BTestRunner.execute(BTestRunner.java:630)
	at org.ballerinalang.testerina.core.BTestRunner.runTest(BTestRunner.java:160)
	at org.ballerinalang.testerina.util.TesterinaUtils.executeTests(TesterinaUtils.java:132)
	at org.ballerinalang.packerina.task.RunTestsTask.execute(RunTestsTask.java:90)
	at org.ballerinalang.packerina.TaskExecutor.executeTasks(TaskExecutor.java:38)
	at org.ballerinalang.packerina.cmd.BuildCommand.execute(BuildCommand.java:393)
	at java.util.Optional.ifPresent(Optional.java:159)
	at org.ballerinalang.tool.Main.main(Main.java:59)
 
